<?xml version="1.0" encoding="UTF-8"?>
<testsuite xmlns:xsi="http://www.w3.org/2001/XMLSchema-instance" xsi:noNamespaceSchemaLocation="https://maven.apache.org/surefire/maven-surefire-plugin/xsd/surefire-test-report-3.0.xsd" version="3.0" name="org.soujava.demos.rag.MainTest" time="0.97" tests="4" errors="0" skipped="0" failures="0">
  <properties>
[...]
</properties>
  <testcase name="testGreetings" classname="org.soujava.demos.rag.MainTest" time="0.792">
    <system-out><![CDATA[2026.07.24 15:55:39 INFO io.helidon.logging.jul.JulProvider Thread[#1,main,5,main]: Logging at runtime configured using /Users/otaviosantana/Env/code/workspace-demo/mongodb-rag/target/classes/logging.properties
2026.07.24 15:55:39 INFO io.helidon.microprofile.server.ServerCdiExtension Thread[#1,main,5,main]: Registering JAX-RS Application: HelidonMP
2026.07.24 15:55:40 INFO io.helidon.webserver.ServerListener VirtualThread[#65,start @default (/0.0.0.0:0)]/runnable@ForkJoinPool-1-worker-1: [0x3d0e5ccb] http://0.0.0.0:56547 bound for socket '@default'
2026.07.24 15:55:40 INFO io.helidon.webserver.LoomServer Thread[#1,main,5,main]: Started all channels in 20 milliseconds. 974 milliseconds since JVM startup. Java 21.0.11+10-LTS
2026.07.24 15:55:40 INFO io.helidon.microprofile.server.ServerCdiExtension Thread[#1,main,5,main]: Server started on http://localhost:56547 (and all other host addresses) in 975 milliseconds (since JVM startup).
2026.07.24 15:55:40 INFO io.helidon.common.features.HelidonFeatures Thread[#68,features-thread,5,main]: Helidon MP 4.5.0 features: [CDI, Config, Health, Metrics, Open API, Server]
2026.07.24 15:55:40 WARNING org.glassfish.jersey.message.internal.MessagingBinders Thread[#1,main,5,main]: A class jakarta.activation.DataSource for a default provider MessageBodyWriter<jakarta.activation.DataSource> was not found. The provider is not available.
]]></system-out>
  </testcase>
  <testcase name="testGreet" classname="org.soujava.demos.rag.MainTest" time="0.005"/>
  <testcase name="testHealth" classname="org.soujava.demos.rag.MainTest" time="0.004"/>
  <testcase name="testMicroprofileMetrics" classname="org.soujava.demos.rag.MainTest" time="0.01"/>
</testsuite>